<?xml version="1.0" encoding="UTF-8"?>
<!-- Generated by org.testng.reporters.JUnitReportReporter -->
<testsuite hostname="LAPTOP-FA1LCQH4" failures="0" tests="1" name="testScript.MainTest" time="7.800" errors="0" timestamp="2021-09-17T16:22:25 WIB" skipped="0">
  <testcase classname="testScript.MainTest" name="createUser" time="7.800"/>
  <system-out/>
</testsuite> <!-- testScript.MainTest -->
